<?xml version="1.0" encoding="UTF-8"?>
<!-- Generated by org.testng.reporters.JUnitXMLReporter -->
<testsuite hostname="DESKTOP-V564ULC" ignored="0" name="Test" tests="4" failures="0" timestamp="2020-09-30T16:44:28 BRT" time="41.093" errors="0">
  <testcase name="basePageNavigation" time="12.948" classname="tests.HomeTest"/>
  <testcase name="basePageNavigation" time="6.591" classname="tests.HomeTest"/>
  <testcase name="basePageNavigation" time="0.033" classname="tests.ValidateTitleTest"/>
  <testcase name="basePageNavigation" time="0.066" classname="tests.ValidateNavigationBarTest"/>
</testsuite> <!-- Test -->
