<?xml version="1.0" encoding="UTF-8"?>
<!-- Generated by org.testng.reporters.JUnitXMLReporter -->
<testsuite hostname="DESKTOP-V564ULC" ignored="0" name="Validanting Title Featured Courses" tests="1" failures="1" timestamp="2020-10-05T10:37:49 BRT" time="19.386" errors="0">
  <testcase name="checkTitle" time="5.1" classname="tests.ValidateTitleTest">
    <failure type="java.lang.AssertionError" message="expected [Featured Courses123] but found [Featured Courses]">
      <![CDATA[java.lang.AssertionError: expected [Featured Courses123] but found [Featured Courses]
at tests.ValidateTitleTest.checkTitle(ValidateTitleTest.java:34)
at java.util.ArrayList.forEach(Unknown Source)
at java.util.concurrent.FutureTask.run(Unknown Source)
at java.util.concurrent.ThreadPoolExecutor.runWorker(Unknown Source)
at java.util.concurrent.ThreadPoolExecutor$Worker.run(Unknown Source)
at java.lang.Thread.run(Unknown Source)
... Removed 24 stack frames]]>
    </failure>
  </testcase> <!-- checkTitle -->
</testsuite> <!-- Validanting Title Featured Courses -->
